[     205ms] [INFO] %cDownload the React DevTools for a better development experience: https://reactjs.org/link/react-devtools font-weight:bold @ http://localhost:5173/node_modules/.vite/deps/react-dom-CNDVFBRK.js?v=514ba6cc:17232
[     348ms] [WARNING] ⚠️ React Router Future Flag Warning: React Router will begin wrapping state updates in `React.startTransition` in v7. You can use the `v7_startTransition` future flag to opt-in early. For more information, see https://reactrouter.com/v6/upgrading/future#v7_starttransition. @ http://localhost:5173/node_modules/.vite/deps/react-router-dom.js?v=514ba6cc:3616
[     348ms] [WARNING] ⚠️ React Router Future Flag Warning: Relative route resolution within Splat routes is changing in v7. You can use the `v7_relativeSplatPath` future flag to opt-in early. For more information, see https://reactrouter.com/v6/upgrading/future#v7_relativesplatpath. @ http://localhost:5173/node_modules/.vite/deps/react-router-dom.js?v=514ba6cc:3616
[   18104ms] RangeError: Maximum call stack size exceeded
    at NewClass._getCenterLayerPoint (http://localhost:5173/node_modules/.vite/deps/leaflet.js?v=514ba6cc:2069:34)
    at NewClass.getCenter (http://localhost:5173/node_modules/.vite/deps/leaflet.js?v=514ba6cc:1751:41)
    at NewClass._animMoveEnd (http://localhost:5173/node_modules/.vite/deps/leaflet.js?v=514ba6cc:2128:18)
    at NewClass.fire (http://localhost:5173/node_modules/.vite/deps/leaflet.js?v=514ba6cc:285:11)
    at NewClass._onPanTransitionEnd (http://localhost:5173/node_modules/.vite/deps/leaflet.js?v=514ba6cc:2103:10)
    at NewClass.fire (http://localhost:5173/node_modules/.vite/deps/leaflet.js?v=514ba6cc:285:11)
    at NewClass._complete (http://localhost:5173/node_modules/.vite/deps/leaflet.js?v=514ba6cc:1394:10)
    at NewClass.stop (http://localhost:5173/node_modules/.vite/deps/leaflet.js?v=514ba6cc:1371:10)
    at NewClass._adjustPan (http://localhost:5173/node_modules/.vite/deps/leaflet.js?v=514ba6cc:4638:48)
    at NewClass.fire (http://localhost:5173/node_modules/.vite/deps/leaflet.js?v=514ba6cc:285:11)
[   33927ms] RangeError: Maximum call stack size exceeded
    at NewClass.getCenter (http://localhost:5173/node_modules/.vite/deps/leaflet.js?v=514ba6cc:1748:23)
    at NewClass._animMoveEnd (http://localhost:5173/node_modules/.vite/deps/leaflet.js?v=514ba6cc:2128:18)
    at NewClass.fire (http://localhost:5173/node_modules/.vite/deps/leaflet.js?v=514ba6cc:285:11)
    at NewClass._onPanTransitionEnd (http://localhost:5173/node_modules/.vite/deps/leaflet.js?v=514ba6cc:2103:10)
    at NewClass.fire (http://localhost:5173/node_modules/.vite/deps/leaflet.js?v=514ba6cc:285:11)
    at NewClass._complete (http://localhost:5173/node_modules/.vite/deps/leaflet.js?v=514ba6cc:1394:10)
    at NewClass.stop (http://localhost:5173/node_modules/.vite/deps/leaflet.js?v=514ba6cc:1371:10)
    at NewClass._adjustPan (http://localhost:5173/node_modules/.vite/deps/leaflet.js?v=514ba6cc:4638:48)
    at NewClass.fire (http://localhost:5173/node_modules/.vite/deps/leaflet.js?v=514ba6cc:285:11)
    at NewClass._onPanTransitionEnd (http://localhost:5173/node_modules/.vite/deps/leaflet.js?v=514ba6cc:2103:10)
[   36895ms] RangeError: Maximum call stack size exceeded
    at NewClass._getCenterLayerPoint (http://localhost:5173/node_modules/.vite/deps/leaflet.js?v=514ba6cc:2069:34)
    at NewClass.getCenter (http://localhost:5173/node_modules/.vite/deps/leaflet.js?v=514ba6cc:1751:41)
    at NewClass._animMoveEnd (http://localhost:5173/node_modules/.vite/deps/leaflet.js?v=514ba6cc:2128:18)
    at NewClass.fire (http://localhost:5173/node_modules/.vite/deps/leaflet.js?v=514ba6cc:285:11)
    at NewClass._onPanTransitionEnd (http://localhost:5173/node_modules/.vite/deps/leaflet.js?v=514ba6cc:2103:10)
    at NewClass.fire (http://localhost:5173/node_modules/.vite/deps/leaflet.js?v=514ba6cc:285:11)
    at NewClass._complete (http://localhost:5173/node_modules/.vite/deps/leaflet.js?v=514ba6cc:1394:10)
    at NewClass.stop (http://localhost:5173/node_modules/.vite/deps/leaflet.js?v=514ba6cc:1371:10)
    at NewClass._adjustPan (http://localhost:5173/node_modules/.vite/deps/leaflet.js?v=514ba6cc:4638:48)
    at NewClass.fire (http://localhost:5173/node_modules/.vite/deps/leaflet.js?v=514ba6cc:285:11)
[   47303ms] [ERROR] Failed to load resource: the server responded with a status of 401 (Unauthorized) @ http://localhost:4000/api/distributions?sppgId=3151&limit=7:0
[   47309ms] [ERROR] Failed to load resource: the server responded with a status of 401 (Unauthorized) @ http://localhost:4000/api/menus?sppgId=3151&date=2026-05-19&limit=1:0
[  202231ms] [ERROR] Failed to load resource: the server responded with a status of 401 (Unauthorized) @ http://localhost:4000/api/distributions?sppgId=3151&limit=7:0
[  202232ms] [ERROR] Failed to load resource: the server responded with a status of 401 (Unauthorized) @ http://localhost:4000/api/menus?sppgId=3151&date=2026-05-19&limit=1:0
